<?xml version="1.0" encoding="UTF-8"?>
<testng-results ignored="0" total="6" passed="6" failed="0" skipped="0">
  <reporter-output>
  </reporter-output>
  <suite started-at="2023-03-01T13:36:30 IST" name="Default suite" finished-at="2023-03-01T13:37:05 IST" duration-ms="34961">
    <groups>
    </groups>
    <test started-at="2023-03-01T13:36:30 IST" name="Default test" finished-at="2023-03-01T13:37:05 IST" duration-ms="34961">
      <class name="testcase.LoginTest">
        <test-method is-config="true" signature="urlLaunch()[pri:0, instance:testcase.LoginTest@58695725]" started-at="2023-03-01T13:36:30 IST" name="urlLaunch" finished-at="2023-03-01T13:36:38 IST" duration-ms="7869" status="PASS">
          <reporter-output>
          </reporter-output>
        </test-method> <!-- urlLaunch -->
        <test-method signature="validLogin()[pri:1, instance:testcase.LoginTest@58695725]" started-at="2023-03-01T13:36:38 IST" name="validLogin" finished-at="2023-03-01T13:36:42 IST" duration-ms="4303" status="PASS">
          <reporter-output>
          </reporter-output>
        </test-method> <!-- validLogin -->
        <test-method signature="userPage()[pri:2, instance:testcase.LoginTest@58695725]" started-at="2023-03-01T13:36:42 IST" name="userPage" finished-at="2023-03-01T13:36:45 IST" duration-ms="3230" status="PASS">
          <reporter-output>
          </reporter-output>
        </test-method> <!-- userPage -->
        <test-method signature="rolePage()[pri:3, instance:testcase.LoginTest@58695725]" started-at="2023-03-01T13:36:45 IST" name="rolePage" finished-at="2023-03-01T13:36:50 IST" duration-ms="5066" status="PASS">
          <reporter-output>
          </reporter-output>
        </test-method> <!-- rolePage -->
        <test-method signature="SalesPage()[pri:4, instance:testcase.LoginTest@58695725]" started-at="2023-03-01T13:36:50 IST" name="SalesPage" finished-at="2023-03-01T13:36:56 IST" duration-ms="5536" status="PASS">
          <reporter-output>
          </reporter-output>
        </test-method> <!-- SalesPage -->
        <test-method signature="Contacts()[pri:5, instance:testcase.LoginTest@58695725]" started-at="2023-03-01T13:36:56 IST" name="Contacts" finished-at="2023-03-01T13:37:00 IST" duration-ms="3909" status="PASS">
          <reporter-output>
          </reporter-output>
        </test-method> <!-- Contacts -->
        <test-method signature="Customers()[pri:6, instance:testcase.LoginTest@58695725]" started-at="2023-03-01T13:37:00 IST" name="Customers" finished-at="2023-03-01T13:37:05 IST" duration-ms="5001" status="PASS">
          <reporter-output>
          </reporter-output>
        </test-method> <!-- Customers -->
      </class> <!-- testcase.LoginTest -->
    </test> <!-- Default test -->
  </suite> <!-- Default suite -->
</testng-results>
