<?xml version="1.0" encoding="UTF-8"?>
<!-- Generated by org.testng.reporters.JUnitXMLReporter -->
<testsuite ignored="0" hostname="Aiswarya" failures="0" tests="6" name="Default test" time="34.961" errors="0" timestamp="2023-03-01T13:37:05 IST">
  <testcase classname="testcase.LoginTest" name="validLogin" time="4.303"/>
  <testcase classname="testcase.LoginTest" name="userPage" time="3.23"/>
  <testcase classname="testcase.LoginTest" name="rolePage" time="5.066"/>
  <testcase classname="testcase.LoginTest" name="SalesPage" time="5.536"/>
  <testcase classname="testcase.LoginTest" name="Contacts" time="3.909"/>
  <testcase classname="testcase.LoginTest" name="Customers" time="5.001"/>
</testsuite> <!-- Default test -->
